<?xml version="1.0" encoding="UTF-8"?>
<!-- Generated by org.testng.reporters.JUnitXMLReporter -->
<testsuite ignored="1" hostname="Skunds-MacBook-Pro.local" failures="0" tests="1" name="Default test" time="8.463" errors="0" timestamp="2022-02-07T10:59:24 IST">
  <testcase classname="com.tests.testclasses.UpdateExistingBookingAPI" name="update_Existing_Booking_API_Test01" time="8.05"/>
  <testcase classname="com.tests.testclasses.UpdateExistingBookingAPI" name="update_Existing_Booking_API_Test02" time="0.0">
    <ignored/>
  </testcase> <!-- update_Existing_Booking_API_Test02 -->
</testsuite> <!-- Default test -->
