<?xml version="1.0" encoding="UTF-8"?>
<!-- Generated by org.testng.reporters.JUnitXMLReporter -->
<testsuite ignored="1" hostname="Skunds-MacBook-Pro.local" failures="0" tests="4" name="Test" time="11.013" errors="0" timestamp="2022-02-07T11:12:00 IST">
  <testcase classname="com.tests.testclasses.NewBookingAPI" name="new_Booking_API_Test01" time="5.343"/>
  <testcase classname="com.tests.testclasses.NewBookingAPI" name="new_Booking_API_Test02" time="0.034"/>
  <testcase classname="com.tests.testclasses.UpdateExistingBookingAPI" name="update_Existing_Booking_API_Test01" time="4.002"/>
  <testcase classname="com.tests.testclasses.UpdateExistingBookingAPI" name="update_Existing_Booking_API_Test02" time="1.429"/>
  <testcase classname="com.tests.utilities.BaseTest" name="@BeforeSuite setBaseURIAndAuthToken" time="0.0">
    <ignored/>
  </testcase> <!-- @BeforeSuite setBaseURIAndAuthToken -->
</testsuite> <!-- Test -->
