<?xml version="1.0" encoding="UTF-8"?>
<testng-results ignored="1" total="5" passed="3" failed="1" skipped="0">
  <reporter-output>
  </reporter-output>
  <suite started-at="2022-02-27T21:47:59 IST" name="Suite" finished-at="2022-02-27T21:48:06 IST" duration-ms="7274">
    <groups>
    </groups>
    <test started-at="2022-02-27T21:47:59 IST" name="Test" finished-at="2022-02-27T21:48:06 IST" duration-ms="7274">
      <class name="com.tests.testclasses.NewBookingAPI">
        <test-method is-config="true" signature="setBaseURIAndAuthToken()[pri:0, instance:com.tests.testclasses.NewBookingAPI@576c5536]" started-at="2022-02-27T21:47:55 IST" name="setBaseURIAndAuthToken" finished-at="2022-02-27T21:47:59 IST" duration-ms="3932" status="PASS">
          <reporter-output>
          </reporter-output>
        </test-method> <!-- setBaseURIAndAuthToken -->
        <test-method signature="new_Booking_API_Test01()[pri:0, instance:com.tests.testclasses.NewBookingAPI@576c5536]" started-at="2022-02-27T21:47:59 IST" name="new_Booking_API_Test01" finished-at="2022-02-27T21:48:04 IST" duration-ms="5252" status="PASS">
          <reporter-output>
          </reporter-output>
        </test-method> <!-- new_Booking_API_Test01 -->
        <test-method signature="new_Booking_API_Test02()[pri:0, instance:com.tests.testclasses.NewBookingAPI@576c5536]" started-at="2022-02-27T21:48:04 IST" name="new_Booking_API_Test02" finished-at="2022-02-27T21:48:04 IST" duration-ms="27" status="PASS">
          <reporter-output>
          </reporter-output>
        </test-method> <!-- new_Booking_API_Test02 -->
      </class> <!-- com.tests.testclasses.NewBookingAPI -->
      <class name="com.tests.testclasses.FetchBookingByBookingIDAPI">
        <test-method signature="fetch_Booking_By_Booking_ID_API_Test01()[pri:0, instance:com.tests.testclasses.FetchBookingByBookingIDAPI@15bc339]" started-at="2022-02-27T21:48:04 IST" name="fetch_Booking_By_Booking_ID_API_Test01" finished-at="2022-02-27T21:48:06 IST" duration-ms="1595" status="PASS">
          <reporter-output>
          </reporter-output>
        </test-method> <!-- fetch_Booking_By_Booking_ID_API_Test01 -->
        <test-method signature="fetch_Booking_By_Booking_ID_API_Test02()[pri:0, instance:com.tests.testclasses.FetchBookingByBookingIDAPI@15bc339]" started-at="2022-02-27T21:48:06 IST" name="fetch_Booking_By_Booking_ID_API_Test02" finished-at="2022-02-27T21:48:06 IST" duration-ms="162" status="FAIL">
          <exception class="java.lang.AssertionError">
            <message>
              <![CDATA[Incorrect status code obtained in response. expected [301] but found [200]]]>
            </message>
            <full-stacktrace>
              <![CDATA[java.lang.AssertionError: Incorrect status code obtained in response. expected [301] but found [200]
at org.testng.Assert.fail(Assert.java:99)
at org.testng.Assert.failNotEquals(Assert.java:1037)
at org.testng.Assert.assertEqualsImpl(Assert.java:140)
at org.testng.Assert.assertEquals(Assert.java:122)
at org.testng.Assert.assertEquals(Assert.java:907)
at com.tests.utilities.TestUtils.assertResponseStatusCode(TestUtils.java:16)
at com.tests.testclasses.FetchBookingByBookingIDAPI.fetch_Booking_By_Booking_ID_API_Test02(FetchBookingByBookingIDAPI.java:35)
at java.base/jdk.internal.reflect.NativeMethodAccessorImpl.invoke0(Native Method)
at java.base/jdk.internal.reflect.NativeMethodAccessorImpl.invoke(NativeMethodAccessorImpl.java:62)
at java.base/jdk.internal.reflect.DelegatingMethodAccessorImpl.invoke(DelegatingMethodAccessorImpl.java:43)
at java.base/java.lang.reflect.Method.invoke(Method.java:566)
at org.testng.internal.MethodInvocationHelper.invokeMethod(MethodInvocationHelper.java:133)
at org.testng.internal.TestInvoker.invokeMethod(TestInvoker.java:598)
at org.testng.internal.TestInvoker.invokeTestMethod(TestInvoker.java:173)
at org.testng.internal.MethodRunner.runInSequence(MethodRunner.java:46)
at org.testng.internal.TestInvoker$MethodInvocationAgent.invoke(TestInvoker.java:824)
at org.testng.internal.TestInvoker.invokeTestMethods(TestInvoker.java:146)
at org.testng.internal.TestMethodWorker.invokeTestMethods(TestMethodWorker.java:146)
at org.testng.internal.TestMethodWorker.run(TestMethodWorker.java:128)
at java.base/java.util.ArrayList.forEach(ArrayList.java:1541)
at org.testng.TestRunner.privateRun(TestRunner.java:794)
at org.testng.TestRunner.run(TestRunner.java:596)
at org.testng.SuiteRunner.runTest(SuiteRunner.java:377)
at org.testng.SuiteRunner.runSequentially(SuiteRunner.java:371)
at org.testng.SuiteRunner.privateRun(SuiteRunner.java:332)
at org.testng.SuiteRunner.run(SuiteRunner.java:276)
at org.testng.SuiteRunnerWorker.runSuite(SuiteRunnerWorker.java:53)
at org.testng.SuiteRunnerWorker.run(SuiteRunnerWorker.java:96)
at org.testng.TestNG.runSuitesSequentially(TestNG.java:1212)
at org.testng.TestNG.runSuitesLocally(TestNG.java:1134)
at org.testng.TestNG.runSuites(TestNG.java:1063)
at org.testng.TestNG.run(TestNG.java:1031)
at org.testng.remote.AbstractRemoteTestNG.run(AbstractRemoteTestNG.java:115)
at org.testng.remote.RemoteTestNG.initAndRun(RemoteTestNG.java:251)
at org.testng.remote.RemoteTestNG.main(RemoteTestNG.java:77)
]]>
            </full-stacktrace>
          </exception> <!-- java.lang.AssertionError -->
          <reporter-output>
          </reporter-output>
        </test-method> <!-- fetch_Booking_By_Booking_ID_API_Test02 -->
      </class> <!-- com.tests.testclasses.FetchBookingByBookingIDAPI -->
    </test> <!-- Test -->
  </suite> <!-- Suite -->
</testng-results>
