<?xml version="1.0" encoding="UTF-8"?>
<testng-results ignored="0" total="2" passed="2" failed="0" skipped="0">
  <reporter-output>
  </reporter-output>
  <suite started-at="2022-03-04T00:27:57 IST" name="Suite" finished-at="2022-03-04T00:28:13 IST" duration-ms="16255">
    <groups>
    </groups>
    <test started-at="2022-03-04T00:27:57 IST" name="Test" finished-at="2022-03-04T00:28:13 IST" duration-ms="16255">
      <class name="com.tests.testclasses.NewBookingAPI">
        <test-method is-config="true" signature="setBaseURIAndAuthToken()[pri:0, instance:com.tests.testclasses.NewBookingAPI@5f80fa43]" started-at="2022-03-04T00:27:53 IST" name="setBaseURIAndAuthToken" finished-at="2022-03-04T00:27:57 IST" duration-ms="3468" status="PASS">
          <reporter-output>
          </reporter-output>
        </test-method> <!-- setBaseURIAndAuthToken -->
        <test-method signature="new_Booking_API_Test01()[pri:0, instance:com.tests.testclasses.NewBookingAPI@5f80fa43]" started-at="2022-03-04T00:27:57 IST" name="new_Booking_API_Test01" finished-at="2022-03-04T00:28:13 IST" duration-ms="15991" status="PASS">
          <reporter-output>
          </reporter-output>
        </test-method> <!-- new_Booking_API_Test01 -->
        <test-method signature="new_Booking_API_Test02()[pri:0, instance:com.tests.testclasses.NewBookingAPI@5f80fa43]" started-at="2022-03-04T00:28:13 IST" name="new_Booking_API_Test02" finished-at="2022-03-04T00:28:13 IST" duration-ms="36" status="PASS">
          <reporter-output>
          </reporter-output>
        </test-method> <!-- new_Booking_API_Test02 -->
      </class> <!-- com.tests.testclasses.NewBookingAPI -->
    </test> <!-- Test -->
  </suite> <!-- Suite -->
</testng-results>
